<?xml version="1.0" encoding="UTF-8"?>
<testsuite name="com.dws.challenge.MoneyTransferServiceTest" tests="5" skipped="0" failures="0" errors="0" timestamp="2024-10-06T18:06:11" hostname="HARISH" time="0.083">
  <properties/>
  <testcase name="validate_SuccessfulTransfer()" classname="com.dws.challenge.MoneyTransferServiceTest" time="0.057"/>
  <testcase name="transferMoney_InsufficientFunds()" classname="com.dws.challenge.MoneyTransferServiceTest" time="0.007"/>
  <testcase name="transferMoney_InvalidToAccount()" classname="com.dws.challenge.MoneyTransferServiceTest" time="0.004"/>
  <testcase name="transferMoney_InvalidFromAccount()" classname="com.dws.challenge.MoneyTransferServiceTest" time="0.003"/>
  <testcase name="transferMoney_NegativeTransferAmount()" classname="com.dws.challenge.MoneyTransferServiceTest" time="0.004"/>
  <system-out><![CDATA[23:36:08.294 [Test worker] INFO org.springframework.test.context.support.AnnotationConfigContextLoaderUtils -- Could not detect default configuration classes for test class [com.dws.challenge.MoneyTransferServiceTest]: MoneyTransferServiceTest does not declare any static, non-private, non-final, nested classes annotated with @Configuration.
23:36:08.475 [Test worker] INFO org.springframework.boot.test.context.SpringBootTestContextBootstrapper -- Found @SpringBootConfiguration com.dws.challenge.ChallengeApplication for test class com.dws.challenge.MoneyTransferServiceTest

  .   ____          _            __ _ _
 /\\ / ___'_ __ _ _(_)_ __  __ _ \ \ \ \
( ( )\___ | '_ | '_| | '_ \/ _` | \ \ \ \
 \\/  ___)| |_)| | | | | || (_| |  ) ) ) )
  '  |____| .__|_| |_|_| |_\__, | / / / /
 =========|_|==============|___/=/_/_/_/
 :: Spring Boot ::               (v3.2.10)

2024-10-06T23:36:08.931+05:30  INFO 31140 --- [    Test worker] c.d.challenge.MoneyTransferServiceTest   : Starting MoneyTransferServiceTest using Java 17.0.6 with PID 31140 (started by haris in C:\Users\haris\Downloads\challenge)
2024-10-06T23:36:08.933+05:30  INFO 31140 --- [    Test worker] c.d.challenge.MoneyTransferServiceTest   : No active profile set, falling back to 1 default profile: "default"
2024-10-06T23:36:11.625+05:30  INFO 31140 --- [    Test worker] o.s.b.t.m.w.SpringBootMockServletContext : Initializing Spring TestDispatcherServlet ''
2024-10-06T23:36:11.626+05:30  INFO 31140 --- [    Test worker] o.s.t.web.servlet.TestDispatcherServlet  : Initializing Servlet ''
2024-10-06T23:36:11.628+05:30  INFO 31140 --- [    Test worker] o.s.t.web.servlet.TestDispatcherServlet  : Completed initialization in 1 ms
2024-10-06T23:36:11.669+05:30  INFO 31140 --- [    Test worker] c.d.challenge.MoneyTransferServiceTest   : Started MoneyTransferServiceTest in 3.019 seconds (process running for 4.399)
]]></system-out>
  <system-err><![CDATA[]]></system-err>
</testsuite>
